<?xml version="1.0" encoding="UTF-8"?>
<testng-results skipped="0" failed="0" ignored="0" total="2" passed="2">
  <reporter-output>
  </reporter-output>
  <suite name="Epay Transactions Suite" duration-ms="94564" started-at="2018-07-19T06:30:26Z" finished-at="2018-07-19T06:32:01Z">
    <groups>
    </groups>
    <test name="LuckyScratch Transactions Test" duration-ms="94564" started-at="2018-07-19T06:30:26Z" finished-at="2018-07-19T06:32:01Z">
      <class name="com.epay.ls.tests.LuckyScratchTest">
        <test-method status="PASS" signature="setUp()[pri:0, instance:com.epay.ls.tests.LuckyScratchTest@4bec1f0c]" name="setUp" is-config="true" duration-ms="35622" started-at="2018-07-19T12:00:27Z" finished-at="2018-07-19T12:01:03Z">
          <reporter-output>
          </reporter-output>
        </test-method> <!-- setUp -->
        <test-method status="PASS" signature="initiateTransactions(java.lang.String, java.lang.String, java.lang.String, java.lang.String, java.lang.String, java.lang.String, java.lang.String, java.lang.String, java.lang.String)[pri:0, instance:com.epay.ls.tests.LuckyScratchTest@4bec1f0c]" name="initiateTransactions" duration-ms="11203" started-at="2018-07-19T12:01:03Z" data-provider="transactionData" finished-at="2018-07-19T12:01:14Z">
          <params>
            <param index="0">
              <value>
                <![CDATA[Silvia K Villanueva]]>
              </value>
            </param>
            <param index="1">
              <value>
                <![CDATA[396  Hood Avenue]]>
              </value>
            </param>
            <param index="2">
              <value>
                <![CDATA[San Diego]]>
              </value>
            </param>
            <param index="3">
              <value>
                <![CDATA[CA]]>
              </value>
            </param>
            <param index="4">
              <value>
                <![CDATA[92111]]>
              </value>
            </param>
            <param index="5">
              <value>
                <![CDATA[858-715-2742]]>
              </value>
            </param>
            <param index="6">
              <value>
                <![CDATA[USD]]>
              </value>
            </param>
            <param index="7">
              <value>
                <![CDATA[4539839871221654]]>
              </value>
            </param>
            <param index="8">
              <value>
                <![CDATA[10]]>
              </value>
            </param>
          </params>
          <reporter-output>
          </reporter-output>
        </test-method> <!-- initiateTransactions -->
        <test-method status="PASS" signature="tearDown()[pri:0, instance:com.epay.ls.tests.LuckyScratchTest@4bec1f0c]" name="tearDown" is-config="true" duration-ms="718" started-at="2018-07-19T12:01:14Z" finished-at="2018-07-19T12:01:15Z">
          <reporter-output>
          </reporter-output>
        </test-method> <!-- tearDown -->
        <test-method status="PASS" signature="setUp()[pri:0, instance:com.epay.ls.tests.LuckyScratchTest@4bec1f0c]" name="setUp" is-config="true" duration-ms="36146" started-at="2018-07-19T12:01:15Z" finished-at="2018-07-19T12:01:51Z">
          <reporter-output>
          </reporter-output>
        </test-method> <!-- setUp -->
        <test-method status="PASS" signature="initiateTransactions(java.lang.String, java.lang.String, java.lang.String, java.lang.String, java.lang.String, java.lang.String, java.lang.String, java.lang.String, java.lang.String)[pri:0, instance:com.epay.ls.tests.LuckyScratchTest@4bec1f0c]" name="initiateTransactions" duration-ms="9706" started-at="2018-07-19T12:01:51Z" data-provider="transactionData" finished-at="2018-07-19T12:02:00Z">
          <params>
            <param index="0">
              <value>
                <![CDATA[Victor S Snow]]>
              </value>
            </param>
            <param index="1">
              <value>
                <![CDATA[4104  Poplar Street]]>
              </value>
            </param>
            <param index="2">
              <value>
                <![CDATA[Chicago]]>
              </value>
            </param>
            <param index="3">
              <value>
                <![CDATA[IL]]>
              </value>
            </param>
            <param index="4">
              <value>
                <![CDATA[60605]]>
              </value>
            </param>
            <param index="5">
              <value>
                <![CDATA[619-405-7692]]>
              </value>
            </param>
            <param index="6">
              <value>
                <![CDATA[AUR]]>
              </value>
            </param>
            <param index="7">
              <value>
                <![CDATA[4532330560879512]]>
              </value>
            </param>
            <param index="8">
              <value>
                <![CDATA[35]]>
              </value>
            </param>
          </params>
          <reporter-output>
          </reporter-output>
        </test-method> <!-- initiateTransactions -->
        <test-method status="PASS" signature="tearDown()[pri:0, instance:com.epay.ls.tests.LuckyScratchTest@4bec1f0c]" name="tearDown" is-config="true" duration-ms="328" started-at="2018-07-19T12:02:00Z" finished-at="2018-07-19T12:02:01Z">
          <reporter-output>
          </reporter-output>
        </test-method> <!-- tearDown -->
      </class> <!-- com.epay.ls.tests.LuckyScratchTest -->
    </test> <!-- LuckyScratch Transactions Test -->
  </suite> <!-- Epay Transactions Suite -->
</testng-results>
