<?xml version="1.0" encoding="UTF-8"?>
<!-- Generated by org.testng.reporters.JUnitXMLReporter -->
<testsuite hostname="DESKTOP-271749J" ignored="0" name="LuckyScratch Transactions Test" tests="2" failures="2" timestamp="19 Jul 2018 13:37:57 GMT" time="108.01" errors="0">
  <testcase name="initiateTransactions" time="20.188" classname="com.epay.ls.tests.LuckyScratchTest">
    <failure type="java.lang.ArrayIndexOutOfBoundsException" message="1">
      <![CDATA[java.lang.ArrayIndexOutOfBoundsException: 1
	at com.epay.utils.ExcelUtils.setCellData(ExcelUtils.java:66)
	at com.epay.ls.tests.LuckyScratchTest.initiateTransactions(LuckyScratchTest.java:35)
... Removed 25 stack frames]]>
    </failure>
  </testcase> <!-- initiateTransactions -->
  <testcase name="initiateTransactions" time="4.444" classname="com.epay.ls.tests.LuckyScratchTest">
    <failure type="org.openqa.selenium.UnhandledAlertException" message=": 
Build info: version: &amp;apos;3.5.3&amp;apos;, revision: &amp;apos;a88d25fe6b&amp;apos;, time: &amp;apos;2017-08-29T12:42:44.417Z&amp;apos;
System info: host: &amp;apos;DESKTOP-271749J&amp;apos;, ip: &amp;apos;192.168.69.7&amp;apos;, os.name: &amp;apos;Windows 10&amp;apos;, os.arch: &amp;apos;amd64&amp;apos;, os.version: &amp;apos;10.0&amp;apos;, java.version: &amp;apos;1.8.0_121&amp;apos;
Driver info: org.openqa.selenium.firefox.FirefoxDriver
Capabilities [{moz:profile=C:\Users\TECHMOJO\AppData\Local\Temp\rust_mozprofile.jkJ8iqzBLly1, rotatable=false, timeouts={implicit=0, pageLoad=300000, script=30000}, pageLoadStrategy=normal, moz:headless=false, platform=XP, moz:accessibilityChecks=false, moz:useNonSpecCompliantPointerOrigin=false, acceptInsecureCerts=true, browserVersion=60.0.2, platformVersion=10.0, moz:processID=14364, browserName=firefox, javascriptEnabled=true, platformName=XP, moz:webdriverClick=true}]
Session ID: 12024a24-8fc5-4053-ad1c-777e2008c0fe
*** Element info: {Using=xpath, value=//select[@name=&amp;apos;returnCode&amp;apos; and @id=&amp;apos;returnCode&amp;apos;]}">
      <![CDATA[org.openqa.selenium.UnhandledAlertException: : 
Build info: version: '3.5.3', revision: 'a88d25fe6b', time: '2017-08-29T12:42:44.417Z'
System info: host: 'DESKTOP-271749J', ip: '192.168.69.7', os.name: 'Windows 10', os.arch: 'amd64', os.version: '10.0', java.version: '1.8.0_121'
Driver info: org.openqa.selenium.firefox.FirefoxDriver
Capabilities [{moz:profile=C:\Users\TECHMOJO\AppData\Local\Temp\rust_mozprofile.jkJ8iqzBLly1, rotatable=false, timeouts={implicit=0, pageLoad=300000, script=30000}, pageLoadStrategy=normal, moz:headless=false, platform=XP, moz:accessibilityChecks=false, moz:useNonSpecCompliantPointerOrigin=false, acceptInsecureCerts=true, browserVersion=60.0.2, platformVersion=10.0, moz:processID=14364, browserName=firefox, javascriptEnabled=true, platformName=XP, moz:webdriverClick=true}]
Session ID: 12024a24-8fc5-4053-ad1c-777e2008c0fe
*** Element info: {Using=xpath, value=//select[@name='returnCode' and @id='returnCode']}
	at org.openqa.selenium.remote.http.W3CHttpResponseCodec.decode(W3CHttpResponseCodec.java:118)
	at org.openqa.selenium.remote.http.W3CHttpResponseCodec.decode(W3CHttpResponseCodec.java:49)
	at org.openqa.selenium.remote.HttpCommandExecutor.execute(HttpCommandExecutor.java:164)
	at org.openqa.selenium.remote.service.DriverCommandExecutor.execute(DriverCommandExecutor.java:82)
	at org.openqa.selenium.remote.RemoteWebDriver.execute(RemoteWebDriver.java:646)
	at org.openqa.selenium.remote.RemoteWebDriver.findElement(RemoteWebDriver.java:416)
	at org.openqa.selenium.remote.RemoteWebDriver.findElementByXPath(RemoteWebDriver.java:518)
	at org.openqa.selenium.By$ByXPath.findElement(By.java:361)
	at org.openqa.selenium.remote.RemoteWebDriver.findElement(RemoteWebDriver.java:408)
	at com.epay.ls.library.LuckyScratchPage.transactionPayvision3D(LuckyScratchPage.java:143)
	at com.epay.ls.tests.LuckyScratchTest.initiateTransactions(LuckyScratchTest.java:30)
... Removed 25 stack frames]]>
    </failure>
  </testcase> <!-- initiateTransactions -->
</testsuite> <!-- LuckyScratch Transactions Test -->
