<?xml version="1.0" encoding="UTF-8"?>
<!-- Generated by org.testng.reporters.JUnitXMLReporter -->
<testsuite hostname="DESKTOP-271749J" ignored="0" name="LuckyScratch Transactions Test" tests="2" failures="0" timestamp="19 Jul 2018 06:32:01 GMT" time="94.564" errors="0">
  <testcase name="initiateTransactions" time="11.203" classname="com.epay.ls.tests.LuckyScratchTest"/>
  <testcase name="initiateTransactions" time="9.706" classname="com.epay.ls.tests.LuckyScratchTest"/>
</testsuite> <!-- LuckyScratch Transactions Test -->
